{
  "RSpec": {
    "coverage": {
      "/home/lexisandoval/tic-tac-toe-rb-online-web-sp-000/lib/tic_tac_toe.rb": [
        null,
        1,
        null,
        null,
        null,
        null,
        null,
        null,
        null,
        null,
        null,
        1,
        25,
        25,
        25,
        25,
        25,
        null,
        null,
        1,
        24,
        24,
        null,
        null,
        1,
        23,
        23,
        null,
        null,
        23,
        23,
        null,
        null,
        1,
        26,
        23,
        null,
        3,
        null,
        null,
        null,
        1,
        24,
        2,
        null,
        22,
        1,
        null,
        21,
        null,
        null,
        null,
        null,
        1,
        22,
        22,
        22,
        22,
        198,
        32,
        null,
        198,
        null,
        null,
        22,
        null,
        null,
        1,
        21,
        7,
        null,
        14,
        null,
        null,
        null,
        1,
        21,
        21,
        21,
        21,
        20,
        20,
        null,
        1,
        null,
        null,
        null,
        1,
        40,
        236,
        null,
        20,
        null,
        null,
        20,
        null,
        null,
        1,
        56,
        null,
        null,
        1,
        25,
        2,
        null,
        23,
        null,
        null,
        1,
        30,
        18,
        null,
        12,
        null,
        null,
        1,
        7,
        6,
        25,
        4,
        21,
        2,
        null,
        null,
        null,
        null,
        null,
        1,
        12,
        18,
        null,
        null,
        12,
        12,
        5,
        null,
        7,
        null,
        null,
        null
      ]
    },
    "timestamp": 1610495971
  }
}
